[      57ms] [ERROR] Failed to load resource: the server responded with a status of 500 (Internal Server Error) @ http://localhost:3000/:0
[     204ms] [INFO] %cDownload the React DevTools for a better development experience: https://react.dev/link/react-devtools font-weight:bold @ http://localhost:3000/_next/static/chunks/5bcb1_react-dom_17489330._.js:15305
[     300ms] Error: ./apps/web/app/layout.tsx:8:1
Module not found: Can't resolve '@/lib/storefront-catalog'
   6 | import { WhatsAppButton } from '@/components/layout/whatsapp-button';
   7 | import { BuyerAssistant } from '@/components/buyer-assistant';
>  8 | import { getStorefrontShellData } from '@/lib/storefront-catalog';
     | ^^^^^^^^^^^^^^^^^^^^^^^^^^^^^^^^^^^^^^^^^^^^^^^^^^^^^^^^^^^^^^^^^^
   9 | import { getStorefrontSupportContact } from '@/lib/storefront-commerce';
  10 |
  11 | export const metadata: Metadata = {

Import map: aliased to relative './lib/storefront-catalog' inside of [project]/apps/web


https://nextjs.org/docs/messages/module-not-found


    at <unknown> (Error: ./apps/web/app/layout.tsx:8:1)
    at <unknown> (https://nextjs.org/docs/messages/module-not-found)
    at Object.getCompilationErrors (file://C:\Users\WILDISHINE\Documents\YOORA-SARAH\apps\web\node_modules\next\dist\server\dev\hot-reloader-turbopack.js:1008:59)
    at DevBundlerService.getCompilationError (file://C:\Users\WILDISHINE\Documents\YOORA-SARAH\apps\web\node_modules\next\dist\server\lib\dev-bundler-service.js:44:55)
    at DevServer.getCompilationError (file://C:\Users\WILDISHINE\Documents\YOORA-SARAH\apps\web\node_modules\next\dist\server\dev\next-dev-server.js:706:42)
    at DevServer.findPageComponents (file://C:\Users\WILDISHINE\Documents\YOORA-SARAH\apps\web\node_modules\next\dist\server\dev\next-dev-server.js:676:43)
    at async DevServer.renderErrorToResponseImpl (file://C:\Users\WILDISHINE\Documents\YOORA-SARAH\apps\web\node_modules\next\dist\server\base-server.js:1713:26)
[     290ms] [LOG] [HMR] connected @ http://localhost:3000/_next/static/chunks/5bcb1_next_dist_c6e4d8db._.js:1206
[     413ms] [LOG] [Fast Refresh] rebuilding @ http://localhost:3000/_next/static/chunks/5bcb1_next_dist_c6e4d8db._.js:1206
[     879ms] [ERROR] ./apps/web/app/layout.tsx:8:1
Module not found: Can't resolve '@/lib/storefront-catalog'
   6 | import { WhatsAppButton } from '@/components/layout/whatsapp-button';
   7 | import { BuyerAssistant } from '@/components/buyer-assistant';
>  8 | import { getStorefrontShellData } from '@/lib/storefront-catalog';
     | ^^^^^^^^^^^^^^^^^^^^^^^^^^^^^^^^^^^^^^^^^^^^^^^^^^^^^^^^^^^^^^^^^^
   9 | import { getStorefrontSupportContact } from '@/lib/storefront-commerce';
  10 |
  11 | export const metadata: Metadata = {

Import map: aliased to relative './lib/storefront-catalog' inside of [project]/apps/web

https://nextjs.org/docs/messages/module-not-found @ http://localhost:3000/_next/static/chunks/5bcb1_next_dist_c6e4d8db._.js:1920
[     879ms] [ERROR] ./apps/web/app/page.tsx:2:1
Module not found: Can't resolve '@/lib/storefront-catalog'
  1 | import { Hero } from '@/components/home/hero';
> 2 | import { getStorefrontCatalog, getStorefrontClearanceProducts } from '@/lib/storefront-catalog';
    | ^^^^^^^^^^^^^^^^^^^^^^^^^^^^^^^^^^^^^^^^^^^^^^^^^^^^^^^^^^^^^^^^^^^^^^^^^^^^^^^^^^^^^^^^^^^^^^^^
  3 |
  4 | export default async function HomePage() {
  5 |   const catalog = await getStorefrontCatalog();

Import map: aliased to relative './lib/storefront-catalog' inside of [project]/apps/web

https://nextjs.org/docs/messages/module-not-found @ http://localhost:3000/_next/static/chunks/5bcb1_next_dist_c6e4d8db._.js:1920
[     879ms] [ERROR] ./apps/web/app/layout.tsx:9:1
Module not found: Can't resolve '@/lib/storefront-commerce'
   7 | import { BuyerAssistant } from '@/components/buyer-assistant';
   8 | import { getStorefrontShellData } from '@/lib/storefront-catalog';
>  9 | import { getStorefrontSupportContact } from '@/lib/storefront-commerce';
     | ^^^^^^^^^^^^^^^^^^^^^^^^^^^^^^^^^^^^^^^^^^^^^^^^^^^^^^^^^^^^^^^^^^^^^^^^
  10 |
  11 | export const metadata: Metadata = {
  12 |   title: 'Beranda | Yoora Sarah',

Import map: aliased to relative './lib/storefront-commerce' inside of [project]/apps/web

https://nextjs.org/docs/messages/module-not-found @ http://localhost:3000/_next/static/chunks/5bcb1_next_dist_c6e4d8db._.js:1920
[     880ms] [ERROR] ./apps/web/components/home/clearance-rail.tsx:5:1
Module not found: Can't resolve '@/lib/storefront-data'
  3 | import Image from 'next/image';
  4 | import type { ProductDetail } from '@/lib/storefront-data';
> 5 | import { formatRupiah } from '@/lib/storefront-data';
    | ^^^^^^^^^^^^^^^^^^^^^^^^^^^^^^^^^^^^^^^^^^^^^^^^^^^^^
  6 |
  7 | function getClearancePrice(price: number) {
  8 |   return Math.round((price * 0.78) / 1000) * 1000;

Import map: aliased to relative './lib/storefront-data' inside of [project]/apps/web

Import traces:
  Client Component Browser:
    ./apps/web/components/home/clearance-rail.tsx [Client Component Browser]
    ./apps/web/components/home/hero.tsx [Client Component Browser]
    ./apps/web/components/home/hero.tsx [Server Component]
    ./apps/web/app/page.tsx [Server Component]

  Client Component SSR:
    ./apps/web/components/home/clearance-rail.tsx [Client Component SSR]
    ./apps/web/components/home/hero.tsx [Client Component SSR]
    ./apps/web/components/home/hero.tsx [Server Component]
    ./apps/web/app/page.tsx [Server Component]

https://nextjs.org/docs/messages/module-not-found @ http://localhost:3000/_next/static/chunks/5bcb1_next_dist_c6e4d8db._.js:1920
[     969ms] [ERROR] Failed to load resource: the server responded with a status of 500 (Internal Server Error) @ http://localhost:3000/favicon.ico:0
[     974ms] [ERROR] ./apps/web/app/layout.tsx:8:1
Module not found: Can't resolve '@/lib/storefront-catalog'
   6 | import { WhatsAppButton } from '@/components/layout/whatsapp-button';
   7 | import { BuyerAssistant } from '@/components/buyer-assistant';
>  8 | import { getStorefrontShellData } from '@/lib/storefront-catalog';
     | ^^^^^^^^^^^^^^^^^^^^^^^^^^^^^^^^^^^^^^^^^^^^^^^^^^^^^^^^^^^^^^^^^^
   9 | import { getStorefrontSupportContact } from '@/lib/storefront-commerce';
  10 |
  11 | export const metadata: Metadata = {

Import map: aliased to relative './lib/storefront-catalog' inside of [project]/apps/web

https://nextjs.org/docs/messages/module-not-found @ http://localhost:3000/_next/static/chunks/5bcb1_next_dist_c6e4d8db._.js:1920
[     975ms] [ERROR] ./apps/web/app/page.tsx:2:1
Module not found: Can't resolve '@/lib/storefront-catalog'
  1 | import { Hero } from '@/components/home/hero';
> 2 | import { getStorefrontCatalog, getStorefrontClearanceProducts } from '@/lib/storefront-catalog';
    | ^^^^^^^^^^^^^^^^^^^^^^^^^^^^^^^^^^^^^^^^^^^^^^^^^^^^^^^^^^^^^^^^^^^^^^^^^^^^^^^^^^^^^^^^^^^^^^^^
  3 |
  4 | export default async function HomePage() {
  5 |   const catalog = await getStorefrontCatalog();

Import map: aliased to relative './lib/storefront-catalog' inside of [project]/apps/web

https://nextjs.org/docs/messages/module-not-found @ http://localhost:3000/_next/static/chunks/5bcb1_next_dist_c6e4d8db._.js:1920
[     975ms] [ERROR] ./apps/web/app/layout.tsx:9:1
Module not found: Can't resolve '@/lib/storefront-commerce'
   7 | import { BuyerAssistant } from '@/components/buyer-assistant';
   8 | import { getStorefrontShellData } from '@/lib/storefront-catalog';
>  9 | import { getStorefrontSupportContact } from '@/lib/storefront-commerce';
     | ^^^^^^^^^^^^^^^^^^^^^^^^^^^^^^^^^^^^^^^^^^^^^^^^^^^^^^^^^^^^^^^^^^^^^^^^
  10 |
  11 | export const metadata: Metadata = {
  12 |   title: 'Beranda | Yoora Sarah',

Import map: aliased to relative './lib/storefront-commerce' inside of [project]/apps/web

https://nextjs.org/docs/messages/module-not-found @ http://localhost:3000/_next/static/chunks/5bcb1_next_dist_c6e4d8db._.js:1920
[     975ms] [ERROR] ./apps/web/components/home/clearance-rail.tsx:5:1
Module not found: Can't resolve '@/lib/storefront-data'
  3 | import Image from 'next/image';
  4 | import type { ProductDetail } from '@/lib/storefront-data';
> 5 | import { formatRupiah } from '@/lib/storefront-data';
    | ^^^^^^^^^^^^^^^^^^^^^^^^^^^^^^^^^^^^^^^^^^^^^^^^^^^^^
  6 |
  7 | function getClearancePrice(price: number) {
  8 |   return Math.round((price * 0.78) / 1000) * 1000;

Import map: aliased to relative './lib/storefront-data' inside of [project]/apps/web

Import traces:
  Client Component Browser:
    ./apps/web/components/home/clearance-rail.tsx [Client Component Browser]
    ./apps/web/components/home/hero.tsx [Client Component Browser]
    ./apps/web/components/home/hero.tsx [Server Component]
    ./apps/web/app/page.tsx [Server Component]

  Client Component SSR:
    ./apps/web/components/home/clearance-rail.tsx [Client Component SSR]
    ./apps/web/components/home/hero.tsx [Client Component SSR]
    ./apps/web/components/home/hero.tsx [Server Component]
    ./apps/web/app/page.tsx [Server Component]

https://nextjs.org/docs/messages/module-not-found @ http://localhost:3000/_next/static/chunks/5bcb1_next_dist_c6e4d8db._.js:1920
[     975ms] [ERROR] ./apps/web/app/[category]/page.tsx:6:1
Module not found: Can't resolve '@/lib/storefront-catalog'
  4 | import { ArrowDownUp } from 'lucide-react';
  5 | import { ProductCard } from '@/components/product/product-card';
> 6 | import { getStorefrontCategory, getStorefrontProductsByCategory } from '@/lib/storefront-catalog';
    | ^^^^^^^^^^^^^^^^^^^^^^^^^^^^^^^^^^^^^^^^^^^^^^^^^^^^^^^^^^^^^^^^^^^^^^^^^^^^^^^^^^^^^^^^^^^^^^^^^^
  7 |
  8 | interface CategoryPageProps {
  9 |   params: Promise<{

Import map: aliased to relative './lib/storefront-catalog' inside of [project]/apps/web

https://nextjs.org/docs/messages/module-not-found @ http://localhost:3000/_next/static/chunks/5bcb1_next_dist_c6e4d8db._.js:1920
[     975ms] [ERROR] ./apps/web/components/product/product-card.tsx:4:1
Module not found: Can't resolve '@/lib/storefront-data'
  2 | import Image from 'next/image';
  3 | import { ArrowUpRight } from 'lucide-react';
> 4 | import { formatRupiah, getCategoryLabel } from '@/lib/storefront-data';
    | ^^^^^^^^^^^^^^^^^^^^^^^^^^^^^^^^^^^^^^^^^^^^^^^^^^^^^^^^^^^^^^^^^^^^^^^
  5 |
  6 | interface ProductCardProps {
  7 |   id: string;

Import map: aliased to relative './lib/storefront-data' inside of [project]/apps/web

Import trace:
  Server Component:
    ./apps/web/components/product/product-card.tsx
    ./apps/web/app/[category]/page.tsx

https://nextjs.org/docs/messages/module-not-found @ http://localhost:3000/_next/static/chunks/5bcb1_next_dist_c6e4d8db._.js:1920
[    1041ms] [ERROR] ./apps/web/app/layout.tsx:8:1
Module not found: Can't resolve '@/lib/storefront-catalog'
   6 | import { WhatsAppButton } from '@/components/layout/whatsapp-button';
   7 | import { BuyerAssistant } from '@/components/buyer-assistant';
>  8 | import { getStorefrontShellData } from '@/lib/storefront-catalog';
     | ^^^^^^^^^^^^^^^^^^^^^^^^^^^^^^^^^^^^^^^^^^^^^^^^^^^^^^^^^^^^^^^^^^
   9 | import { getStorefrontSupportContact } from '@/lib/storefront-commerce';
  10 |
  11 | export const metadata: Metadata = {

Import map: aliased to relative './lib/storefront-catalog' inside of [project]/apps/web

https://nextjs.org/docs/messages/module-not-found @ http://localhost:3000/_next/static/chunks/5bcb1_next_dist_c6e4d8db._.js:1920
[    1041ms] [ERROR] ./apps/web/app/page.tsx:2:1
Module not found: Can't resolve '@/lib/storefront-catalog'
  1 | import { Hero } from '@/components/home/hero';
> 2 | import { getStorefrontCatalog, getStorefrontClearanceProducts } from '@/lib/storefront-catalog';
    | ^^^^^^^^^^^^^^^^^^^^^^^^^^^^^^^^^^^^^^^^^^^^^^^^^^^^^^^^^^^^^^^^^^^^^^^^^^^^^^^^^^^^^^^^^^^^^^^^
  3 |
  4 | export default async function HomePage() {
  5 |   const catalog = await getStorefrontCatalog();

Import map: aliased to relative './lib/storefront-catalog' inside of [project]/apps/web

https://nextjs.org/docs/messages/module-not-found @ http://localhost:3000/_next/static/chunks/5bcb1_next_dist_c6e4d8db._.js:1920
[    1041ms] [ERROR] ./apps/web/app/layout.tsx:9:1
Module not found: Can't resolve '@/lib/storefront-commerce'
   7 | import { BuyerAssistant } from '@/components/buyer-assistant';
   8 | import { getStorefrontShellData } from '@/lib/storefront-catalog';
>  9 | import { getStorefrontSupportContact } from '@/lib/storefront-commerce';
     | ^^^^^^^^^^^^^^^^^^^^^^^^^^^^^^^^^^^^^^^^^^^^^^^^^^^^^^^^^^^^^^^^^^^^^^^^
  10 |
  11 | export const metadata: Metadata = {
  12 |   title: 'Beranda | Yoora Sarah',

Import map: aliased to relative './lib/storefront-commerce' inside of [project]/apps/web

https://nextjs.org/docs/messages/module-not-found @ http://localhost:3000/_next/static/chunks/5bcb1_next_dist_c6e4d8db._.js:1920
[    1041ms] [ERROR] ./apps/web/components/home/clearance-rail.tsx:5:1
Module not found: Can't resolve '@/lib/storefront-data'
  3 | import Image from 'next/image';
  4 | import type { ProductDetail } from '@/lib/storefront-data';
> 5 | import { formatRupiah } from '@/lib/storefront-data';
    | ^^^^^^^^^^^^^^^^^^^^^^^^^^^^^^^^^^^^^^^^^^^^^^^^^^^^^
  6 |
  7 | function getClearancePrice(price: number) {
  8 |   return Math.round((price * 0.78) / 1000) * 1000;

Import map: aliased to relative './lib/storefront-data' inside of [project]/apps/web

Import traces:
  Client Component Browser:
    ./apps/web/components/home/clearance-rail.tsx [Client Component Browser]
    ./apps/web/components/home/hero.tsx [Client Component Browser]
    ./apps/web/components/home/hero.tsx [Server Component]
    ./apps/web/app/page.tsx [Server Component]

  Client Component SSR:
    ./apps/web/components/home/clearance-rail.tsx [Client Component SSR]
    ./apps/web/components/home/hero.tsx [Client Component SSR]
    ./apps/web/components/home/hero.tsx [Server Component]
    ./apps/web/app/page.tsx [Server Component]

https://nextjs.org/docs/messages/module-not-found @ http://localhost:3000/_next/static/chunks/5bcb1_next_dist_c6e4d8db._.js:1920
[    1041ms] [ERROR] ./apps/web/app/[category]/page.tsx:6:1
Module not found: Can't resolve '@/lib/storefront-catalog'
  4 | import { ArrowDownUp } from 'lucide-react';
  5 | import { ProductCard } from '@/components/product/product-card';
> 6 | import { getStorefrontCategory, getStorefrontProductsByCategory } from '@/lib/storefront-catalog';
    | ^^^^^^^^^^^^^^^^^^^^^^^^^^^^^^^^^^^^^^^^^^^^^^^^^^^^^^^^^^^^^^^^^^^^^^^^^^^^^^^^^^^^^^^^^^^^^^^^^^
  7 |
  8 | interface CategoryPageProps {
  9 |   params: Promise<{

Import map: aliased to relative './lib/storefront-catalog' inside of [project]/apps/web

https://nextjs.org/docs/messages/module-not-found @ http://localhost:3000/_next/static/chunks/5bcb1_next_dist_c6e4d8db._.js:1920
[    1042ms] [ERROR] ./apps/web/components/product/product-card.tsx:4:1
Module not found: Can't resolve '@/lib/storefront-data'
  2 | import Image from 'next/image';
  3 | import { ArrowUpRight } from 'lucide-react';
> 4 | import { formatRupiah, getCategoryLabel } from '@/lib/storefront-data';
    | ^^^^^^^^^^^^^^^^^^^^^^^^^^^^^^^^^^^^^^^^^^^^^^^^^^^^^^^^^^^^^^^^^^^^^^^
  5 |
  6 | interface ProductCardProps {
  7 |   id: string;

Import map: aliased to relative './lib/storefront-data' inside of [project]/apps/web

Import trace:
  Server Component:
    ./apps/web/components/product/product-card.tsx
    ./apps/web/app/[category]/page.tsx

https://nextjs.org/docs/messages/module-not-found @ http://localhost:3000/_next/static/chunks/5bcb1_next_dist_c6e4d8db._.js:1920
[    1078ms] [LOG] [Fast Refresh] rebuilding @ http://localhost:3000/_next/static/chunks/5bcb1_next_dist_c6e4d8db._.js:1206
[   43236ms] [ERROR] ./apps/web/app/layout.tsx:8:1
Module not found: Can't resolve '@/lib/storefront-catalog'
   6 | import { WhatsAppButton } from '@/components/layout/whatsapp-button';
   7 | import { BuyerAssistant } from '@/components/buyer-assistant';
>  8 | import { getStorefrontShellData } from '@/lib/storefront-catalog';
     | ^^^^^^^^^^^^^^^^^^^^^^^^^^^^^^^^^^^^^^^^^^^^^^^^^^^^^^^^^^^^^^^^^^
   9 | import { getStorefrontSupportContact } from '@/lib/storefront-commerce';
  10 |
  11 | export const metadata: Metadata = {

Import map: aliased to relative './lib/storefront-catalog' inside of [project]/apps/web

https://nextjs.org/docs/messages/module-not-found @ http://localhost:3000/_next/static/chunks/5bcb1_next_dist_c6e4d8db._.js:1920
[   43236ms] [ERROR] ./apps/web/app/page.tsx:2:1
Module not found: Can't resolve '@/lib/storefront-catalog'
  1 | import { Hero } from '@/components/home/hero';
> 2 | import { getStorefrontCatalog, getStorefrontClearanceProducts } from '@/lib/storefront-catalog';
    | ^^^^^^^^^^^^^^^^^^^^^^^^^^^^^^^^^^^^^^^^^^^^^^^^^^^^^^^^^^^^^^^^^^^^^^^^^^^^^^^^^^^^^^^^^^^^^^^^
  3 |
  4 | export default async function HomePage() {
  5 |   const catalog = await getStorefrontCatalog();

Import map: aliased to relative './lib/storefront-catalog' inside of [project]/apps/web

https://nextjs.org/docs/messages/module-not-found @ http://localhost:3000/_next/static/chunks/5bcb1_next_dist_c6e4d8db._.js:1920
[   43236ms] [ERROR] ./apps/web/app/layout.tsx:9:1
Module not found: Can't resolve '@/lib/storefront-commerce'
   7 | import { BuyerAssistant } from '@/components/buyer-assistant';
   8 | import { getStorefrontShellData } from '@/lib/storefront-catalog';
>  9 | import { getStorefrontSupportContact } from '@/lib/storefront-commerce';
     | ^^^^^^^^^^^^^^^^^^^^^^^^^^^^^^^^^^^^^^^^^^^^^^^^^^^^^^^^^^^^^^^^^^^^^^^^
  10 |
  11 | export const metadata: Metadata = {
  12 |   title: 'Beranda | Yoora Sarah',

Import map: aliased to relative './lib/storefront-commerce' inside of [project]/apps/web

https://nextjs.org/docs/messages/module-not-found @ http://localhost:3000/_next/static/chunks/5bcb1_next_dist_c6e4d8db._.js:1920
[   43237ms] [ERROR] ./apps/web/components/home/clearance-rail.tsx:5:1
Module not found: Can't resolve '@/lib/storefront-data'
  3 | import Image from 'next/image';
  4 | import type { ProductDetail } from '@/lib/storefront-data';
> 5 | import { formatRupiah } from '@/lib/storefront-data';
    | ^^^^^^^^^^^^^^^^^^^^^^^^^^^^^^^^^^^^^^^^^^^^^^^^^^^^^
  6 |
  7 | function getClearancePrice(price: number) {
  8 |   return Math.round((price * 0.78) / 1000) * 1000;

Import map: aliased to relative './lib/storefront-data' inside of [project]/apps/web

Import traces:
  Client Component Browser:
    ./apps/web/components/home/clearance-rail.tsx [Client Component Browser]
    ./apps/web/components/home/hero.tsx [Client Component Browser]
    ./apps/web/components/home/hero.tsx [Server Component]
    ./apps/web/app/page.tsx [Server Component]

  Client Component SSR:
    ./apps/web/components/home/clearance-rail.tsx [Client Component SSR]
    ./apps/web/components/home/hero.tsx [Client Component SSR]
    ./apps/web/components/home/hero.tsx [Server Component]
    ./apps/web/app/page.tsx [Server Component]

https://nextjs.org/docs/messages/module-not-found @ http://localhost:3000/_next/static/chunks/5bcb1_next_dist_c6e4d8db._.js:1920
[   43237ms] [ERROR] ./apps/web/app/[category]/page.tsx:6:1
Module not found: Can't resolve '@/lib/storefront-catalog'
  4 | import { ArrowDownUp } from 'lucide-react';
  5 | import { ProductCard } from '@/components/product/product-card';
> 6 | import { getStorefrontCategory, getStorefrontProductsByCategory } from '@/lib/storefront-catalog';
    | ^^^^^^^^^^^^^^^^^^^^^^^^^^^^^^^^^^^^^^^^^^^^^^^^^^^^^^^^^^^^^^^^^^^^^^^^^^^^^^^^^^^^^^^^^^^^^^^^^^
  7 |
  8 | interface CategoryPageProps {
  9 |   params: Promise<{

Import map: aliased to relative './lib/storefront-catalog' inside of [project]/apps/web

https://nextjs.org/docs/messages/module-not-found @ http://localhost:3000/_next/static/chunks/5bcb1_next_dist_c6e4d8db._.js:1920
[   43237ms] [ERROR] ./apps/web/components/product/product-card.tsx:4:1
Module not found: Can't resolve '@/lib/storefront-data'
  2 | import Image from 'next/image';
  3 | import { ArrowUpRight } from 'lucide-react';
> 4 | import { formatRupiah, getCategoryLabel } from '@/lib/storefront-data';
    | ^^^^^^^^^^^^^^^^^^^^^^^^^^^^^^^^^^^^^^^^^^^^^^^^^^^^^^^^^^^^^^^^^^^^^^^
  5 |
  6 | interface ProductCardProps {
  7 |   id: string;

Import map: aliased to relative './lib/storefront-data' inside of [project]/apps/web

Import trace:
  Server Component:
    ./apps/web/components/product/product-card.tsx
    ./apps/web/app/[category]/page.tsx

https://nextjs.org/docs/messages/module-not-found @ http://localhost:3000/_next/static/chunks/5bcb1_next_dist_c6e4d8db._.js:1920
[   43291ms] [LOG] [Fast Refresh] rebuilding @ http://localhost:3000/_next/static/chunks/5bcb1_next_dist_c6e4d8db._.js:1206
